<?xml version="1.0" encoding="UTF-8"?>
<!-- Generated by org.testng.reporters.JUnitReportReporter -->
<testsuite hostname="homsai" failures="0" tests="2" name="FrameWorkSelenium.SubmitOrderTest" time="53.059" errors="0" timestamp="2024-07-30T20:10:56 IST" skipped="0">
  <testcase classname="FrameWorkSelenium.SubmitOrderTest" name="SubmitOrder" time="28.826"/>
  <testcase classname="FrameWorkSelenium.SubmitOrderTest" name="SubmitOrder" time="24.233"/>
</testsuite> <!-- FrameWorkSelenium.SubmitOrderTest -->
