<?xml version="1.0" encoding="UTF-8"?>
<!-- Generated by org.testng.reporters.JUnitReportReporter -->
<testsuite hostname="homsai" failures="0" tests="3" name="FrameWorkSelenium.SubmitOrderTest" time="63.108" errors="0" timestamp="2024-07-29T22:05:20 IST" skipped="0">
  <testcase classname="FrameWorkSelenium.SubmitOrderTest" name="orderHistoryTest" time="12.847"/>
  <testcase classname="FrameWorkSelenium.SubmitOrderTest" name="SubmitOrder" time="24.746"/>
  <testcase classname="FrameWorkSelenium.SubmitOrderTest" name="SubmitOrder" time="25.515"/>
</testsuite> <!-- FrameWorkSelenium.SubmitOrderTest -->
