<?xml version="1.0" encoding="UTF-8"?>
<!-- Generated by org.testng.reporters.JUnitReportReporter -->
<testsuite hostname="homsai" failures="0" tests="3" name="FrameWorkSelenium.SubmitOrderTest" time="57.394" errors="0" timestamp="2024-07-30T15:44:34 IST" skipped="0">
  <testcase classname="FrameWorkSelenium.SubmitOrderTest" name="SubmitOrder" time="25.870"/>
  <testcase classname="FrameWorkSelenium.SubmitOrderTest" name="SubmitOrder" time="26.383"/>
  <testcase classname="FrameWorkSelenium.SubmitOrderTest" name="orderHistoryTest" time="5.141"/>
</testsuite> <!-- FrameWorkSelenium.SubmitOrderTest -->
